<?xml version="1.0" encoding="UTF-8"?>
<!-- Generated by org.testng.reporters.JUnitReportReporter -->
<testsuite hostname="DESKTOP-308S6E0" failures="0" tests="1" name="Cucumber.TestNGRunner" time="7.767" errors="0" timestamp="2024-02-27T22:31:39 IST" skipped="0">
  <testcase classname="Cucumber.TestNGRunner" name="runScenario" time="7.767"/>
</testsuite> <!-- Cucumber.TestNGRunner -->
