<?xml version="1.0" encoding="UTF-8"?>
<!-- Generated by org.testng.reporters.JUnitReportReporter -->
<testsuite hostname="DESKTOP-308S6E0" failures="0" tests="2" name="SupriyaReddy.Tests.SubmitOrderTest" time="11.577" errors="0" timestamp="2024-02-26T20:03:08 IST" skipped="0">
  <testcase classname="SupriyaReddy.Tests.SubmitOrderTest" name="submitOrder" time="6.484"/>
  <testcase classname="SupriyaReddy.Tests.SubmitOrderTest" name="submitOrder" time="5.093"/>
</testsuite> <!-- SupriyaReddy.Tests.SubmitOrderTest -->
