<?xml version="1.0" encoding="UTF-8"?>
<!-- Generated by org.testng.reporters.JUnitReportReporter -->
<testsuite hostname="DESKTOP-308S6E0" failures="0" tests="2" name="SupriyaReddy.Tests.ErrorValidationsTest" time="18.551" errors="0" timestamp="2024-02-25T00:14:26 IST" skipped="0">
  <testcase classname="SupriyaReddy.Tests.ErrorValidationsTest" name="ProductErrorValidations" time="15.008"/>
  <testcase classname="SupriyaReddy.Tests.ErrorValidationsTest" name="LoginErrorValidations" time="3.543"/>
</testsuite> <!-- SupriyaReddy.Tests.ErrorValidationsTest -->
