<?xml version="1.0" encoding="UTF-8"?>
<!-- Generated by org.testng.reporters.JUnitReportReporter -->
<testsuite hostname="DESKTOP-308S6E0" failures="0" tests="1" name="Cucumber.TestNGRunner" time="8.199" errors="0" timestamp="2024-02-27T23:00:17 IST" skipped="0">
  <testcase classname="Cucumber.TestNGRunner" name="runScenario" time="8.199"/>
</testsuite> <!-- Cucumber.TestNGRunner -->
