<?xml version="1.0" encoding="UTF-8"?>
<!-- Generated by org.testng.reporters.JUnitReportReporter -->
<testsuite hostname="DESKTOP-308S6E0" failures="0" tests="3" name="SupriyaReddy.Tests.SubmitOrderTest" time="20.938" errors="0" timestamp="2024-02-25T00:14:26 IST" skipped="0">
  <testcase classname="SupriyaReddy.Tests.SubmitOrderTest" name="OrderHistoryTest" time="2.995"/>
  <testcase classname="SupriyaReddy.Tests.SubmitOrderTest" name="submitOrder" time="9.613"/>
  <testcase classname="SupriyaReddy.Tests.SubmitOrderTest" name="submitOrder" time="8.330"/>
</testsuite> <!-- SupriyaReddy.Tests.SubmitOrderTest -->
